
======== running Feff module feff8l_genfmt ========
 Calculating EXAFS parameters...
    Curved wave chi amplitude ratio   4.00%
    Discard feff.dat for paths with cw ratio <   2.67%
    path  cw ratio     deg    nleg  reff
      1   100.000     6.000     2   2.2563
      2    35.277     6.000     2   3.4304
      3    10.401     2.000     2   3.6024
      4     7.565    12.000     3   3.7907
      5    56.397    12.000     2   3.8161
      6     7.076    12.000     3   3.9107
      7    17.105    12.000     3   3.9148
      8    32.718    24.000     3   4.1644
      9     4.050    12.000     3   4.3777
     10    18.197     6.000     2   4.4333
     11     4.569    12.000     3   4.4637
     12    10.893     6.000     3   4.5126
     13    12.297     6.000     4   4.5126
     14     4.483     6.000     4   4.5126
     15    11.453    12.000     4   4.5126
     16     4.811    24.000     3   4.7514
     17     9.027    24.000     3   4.7514
     18     4.209    12.000     3   4.8374
     19     9.086    12.000     3   4.8791
     20     6.524    12.000     3   4.9991
     21    12.194     6.000     2   5.1313
     22    22.898    12.000     2   5.2478
     23     6.640    24.000     3   5.2529
     24    30.833    12.000     3   5.2864
     25     3.169    12.000     3   5.3082
     26    21.465     6.000     4   5.3250
     27     9.766    12.000     3   5.3482
     28    11.587     6.000     2   5.3968
     29    11.485    12.000     3   5.4064
     30     5.827    12.000     3   5.5418
     31    11.144    12.000     3   5.5418
     32    12.216    12.000     3   5.5418
     33     2.978     6.000     4   5.5650
     34     1.770     6.000     4   5.5650 neglected
     35     4.114    24.000     3   5.6601
     36     3.640    24.000     3   5.6601
     37     3.536     6.000     4   5.6867
     38     3.512     6.000     4   5.6867
     39    12.522    12.000     4   5.6867
     40     2.947     2.000     2   5.7452
     41    10.391     4.000     3   5.7452
     42    10.095     2.000     4   5.7452
     43    16.786    12.000     2   5.8495
     44     8.235    24.000     3   5.9610
     45     8.550    24.000     3   5.9610
   44 paths kept,   45 examined.
 Done with module 5: F_eff.
Note: The following floating-point exceptions are signalling: IEEE_UNDERFLOW_FLAG IEEE_DENORMAL
