
======== running Feff module feff8l_genfmt ========
 Calculating EXAFS parameters...
    Curved wave chi amplitude ratio   4.00%
    Discard feff.dat for paths with cw ratio <   2.67%
    path  cw ratio     deg    nleg  reff
      1   100.000     6.000     2   2.4034
      2    28.964     6.000     2   3.6007
      3     7.667     2.000     2   3.8680
      4    53.584    12.000     2   4.0465
      5    10.133    12.000     3   4.0900
      6    23.950    24.000     3   4.4266
      7    11.869     6.000     2   4.7064
      8     6.457     6.000     3   4.8067
      9    18.601     6.000     4   4.8067
     10     3.172     6.000     4   4.8067
     11     1.951    24.000     3   5.0253 neglected
     12     3.126    24.000     3   5.0253
     13     1.507    12.000     3   5.1589 neglected
     14     7.182     6.000     2   5.4166
     15     3.548    24.000     3   5.5781
     16    12.727    12.000     2   5.5978
     17    14.071    12.000     3   5.6410
     18     4.021    12.000     3   5.6665
     19     7.870     6.000     4   5.6841
     20    10.286     6.000     2   5.7226
     21     4.917    12.000     3   5.7571
     22     1.919    12.000     3   5.8634 neglected
     23     8.068    12.000     3   5.8633
     24     8.645    12.000     3   5.8633
   21 paths kept,   24 examined.
 Done with module 5: F_eff.
Note: The following floating-point exceptions are signalling: IEEE_UNDERFLOW_FLAG IEEE_DENORMAL
