
======== running Feff module feff8l_ff2x ========
 Calculating chi...
 feffdt, feff.pad to feff.dat conversion: Feff8L (EXAFS)      release  0.1
 comment: None given                            Feff8L (EXAFS)       0.1
 Source:
 Structure Summary:  P8 Pt4
 Reduced formula:  P2Pt
 space group: (Pa-3), space number:  (205)
 abc:  5.722614   5.722614   5.722614
 angles: 90.000000  90.000000  90.000000
 sites: 12
 mp-730
 POT  Non-SCF, core-hole, AFOLP (folp(0)= 1.150)
 Abs   Z=78 Rmt= 1.374 Rnm= 1.446 L3 shell
 Pot 1 Z=15 Rmt= 1.324 Rnm= 1.436
 Pot 2 Z=78 Rmt= 1.387 Rnm= 1.462
 Gam_ch=5.171E+00 H-L exch
 Mu= 1.703E+00 kf=2.133E+00 Vint=-1.564E+01 Rs_int= 1.700
 PATH  Rmax= 6.000,  Keep_limit= 0.00, Heap_limit 0.00  Pwcrit= 2.50%
      21 paths to process
    path     filename
       1     feff0001.dat
       2     feff0002.dat
       3     feff0003.dat
       4     feff0004.dat
       5     feff0005.dat
       6     feff0006.dat
       7     feff0007.dat
       8     feff0008.dat
       9     feff0009.dat
      10     feff0010.dat
      11     feff0012.dat
      12     feff0014.dat
      13     feff0015.dat
      14     feff0016.dat
      15     feff0017.dat
      16     feff0018.dat
      17     feff0019.dat
      18     feff0020.dat
      19     feff0021.dat
      20     feff0023.dat
      21     feff0024.dat
    Use all paths with cw amplitude ratio   4.00%
    S02  1.000  Global sig2  0.00000
 Done with module 6: DW + final sum over paths.
