
======== running Feff module feff8l_ff2x ========
 Calculating chi...
 feffdt, feff.pad to feff.dat conversion: Feff8L (EXAFS)      release  0.1
 comment: None given                            Feff8L (EXAFS)       0.1
 Source:
 Structure Summary:  Fe6 O8
 Reduced formula:  Fe3O4
 space group: (F-43m), space number:  (216)
 abc:  6.432635   6.432635   6.432635
 angles: 60.000000  60.000000  60.000000
 sites: 14
 mp-611817
 POT  Non-SCF, core-hole, AFOLP (folp(0)= 1.150)
 Abs   Z=26 Rmt= 1.319 Rnm= 1.463 K  shell
 Pot 1 Z=26 Rmt= 1.382 Rnm= 1.457
 Pot 2 Z= 8 Rmt= 1.018 Rnm= 1.105
 Gam_ch=1.309E+00 H-L exch
 Mu=-2.234E+00 kf=2.107E+00 Vint=-1.914E+01 Rs_int= 1.721
 PATH  Rmax= 6.000,  Keep_limit= 0.00, Heap_limit 0.00  Pwcrit= 2.50%
      46 paths to process
    path     filename
       1     feff0001.dat
       2     feff0002.dat
       3     feff0003.dat
       4     feff0004.dat
       5     feff0005.dat
       6     feff0006.dat
       7     feff0007.dat
       8     feff0008.dat
       9     feff0009.dat
      10     feff0010.dat
      11     feff0011.dat
      12     feff0012.dat
      13     feff0013.dat
      14     feff0014.dat
      15     feff0015.dat
      16     feff0016.dat
      17     feff0017.dat
      18     feff0018.dat
      19     feff0019.dat
      20     feff0020.dat
      21     feff0021.dat
      22     feff0022.dat
      23     feff0023.dat
      24     feff0024.dat
      25     feff0025.dat
      26     feff0026.dat
      27     feff0027.dat
      28     feff0028.dat
      29     feff0030.dat
      30     feff0031.dat
      31     feff0032.dat
      32     feff0033.dat
      33     feff0034.dat
      34     feff0035.dat
      35     feff0036.dat
      36     feff0037.dat
      37     feff0038.dat
      38     feff0039.dat
      39     feff0040.dat
      40     feff0041.dat
      41     feff0043.dat
      42     feff0044.dat
      43     feff0045.dat
      44     feff0050.dat
      45     feff0051.dat
      46     feff0052.dat
    Use all paths with cw amplitude ratio   4.00%
    S02  1.000  Global sig2  0.00000
 Done with module 6: DW + final sum over paths.
